<?xml version="1.0" encoding="UTF-8"?>
<!-- Generated by org.testng.reporters.JUnitReportReporter -->
<testsuite skipped="0" hostname="HP-PC" name="org.com.test.testRestApi" tests="1" failures="0" timestamp="2020-04-26T19:10:13 IST" time="2.287" errors="0">
  <testcase name="getTest" time="2.287" classname="org.com.test.testRestApi"/>
</testsuite> <!-- org.com.test.testRestApi -->
