<?xml version="1.0" encoding="UTF-8"?>
<!-- Generated by org.testng.reporters.JUnitReportReporter -->
<testsuite skipped="0" hostname="HP-PC" name="org.com.test.copy.testRestApi" tests="1" failures="0" timestamp="2020-04-28T15:00:03 IST" time="2.691" errors="0">
  <testcase name="getTest" time="2.691" classname="org.com.test.copy.testRestApi"/>
</testsuite> <!-- org.com.test.copy.testRestApi -->
