<?xml version="1.0" encoding="UTF-8"?>
<!-- Generated by org.testng.reporters.JUnitReportReporter -->
<testsuite skipped="0" hostname="HP-PC" name="casestestpackage.TestCasesNewButton" tests="1" failures="0" timestamp="2020-04-18T23:17:46 IST" time="22.708" errors="0">
  <testcase name="verifyClickNewButton" time="22.708" classname="casestestpackage.TestCasesNewButton"/>
</testsuite> <!-- casestestpackage.TestCasesNewButton -->
