<?xml version="1.0" encoding="UTF-8"?>
<!-- Generated by org.testng.reporters.JUnitReportReporter -->
<testsuite skipped="0" hostname="HP-PC" name="casestestpackage.CasesNewButton" tests="1" failures="0" timestamp="2020-04-07T18:03:19 IST" time="0.503" errors="0">
  <testcase name="verifyClickNewButton" time="0.503" classname="casestestpackage.CasesNewButton"/>
</testsuite> <!-- casestestpackage.CasesNewButton -->
